0 info it worked if it ends with ok
1 verbose cli [ '/usr/local/bin/node',
1 verbose cli   '/usr/local/bin/npm',
1 verbose cli   'run-script',
1 verbose cli   'jupe' ]
2 info using npm@1.4.28
3 info using node@v0.10.33
4 verbose run-script [ 'prejupe', 'jupe', 'postjupe' ]
5 info prejupe presentations@0.0.0
6 info jupe presentations@0.0.0
7 verbose unsafe-perm in lifecycle true
8 info presentations@0.0.0 Failed to exec jupe script
9 error presentations@0.0.0 jupe: `node jupe.js`
9 error Exit status 8
10 error Failed at the presentations@0.0.0 jupe script.
10 error This is most likely a problem with the presentations package,
10 error not with npm itself.
10 error Tell the author that this fails on your system:
10 error     node jupe.js
10 error You can get their info via:
10 error     npm owner ls presentations
10 error There is likely additional logging output above.
11 error System Darwin 14.1.0
12 error command "/usr/local/bin/node" "/usr/local/bin/npm" "run-script" "jupe"
13 error cwd /Users/mjuniper/presentations
14 error node -v v0.10.33
15 error npm -v 1.4.28
16 error code ELIFECYCLE
17 verbose exit [ 1, true ]
